<?xml version="1.0" encoding="UTF-8"?>
<testng-results ignored="0" total="1" passed="1" failed="0" skipped="0">
  <reporter-output>
  </reporter-output>
  <suite started-at="2023-11-17T11:10:08 IST" name="Default suite" finished-at="2023-11-17T11:12:16 IST" duration-ms="127576">
    <groups>
    </groups>
    <test started-at="2023-11-17T11:10:08 IST" name="Default test" finished-at="2023-11-17T11:12:16 IST" duration-ms="127576">
      <class name="com.etestcases.Productchecktest">
        <test-method is-config="true" signature="initilaize()[pri:0, instance:com.etestcases.Productchecktest@54d9d12d]" started-at="2023-11-17T11:10:08 IST" name="initilaize" finished-at="2023-11-17T11:10:46 IST" duration-ms="38039" status="PASS">
          <reporter-output>
          </reporter-output>
        </test-method> <!-- initilaize -->
        <test-method signature="productbuy()[pri:0, instance:com.etestcases.Productchecktest@54d9d12d]" started-at="2023-11-17T11:10:46 IST" name="productbuy" finished-at="2023-11-17T11:12:16 IST" duration-ms="89442" status="PASS">
          <reporter-output>
          </reporter-output>
        </test-method> <!-- productbuy -->
      </class> <!-- com.etestcases.Productchecktest -->
    </test> <!-- Default test -->
  </suite> <!-- Default suite -->
</testng-results>
