<?xml version="1.0" encoding="UTF-8"?>
<!-- Generated by org.testng.reporters.JUnitXMLReporter -->
<testsuite ignored="2" hostname="DESKTOP-VBPJHK5" failures="0" tests="1" name="Default test" time="39.085" errors="0" timestamp="2023-09-29T17:08:27 IST">
  <testcase classname="com.etestcases.Addresstest" name="EditAddress" time="9.015"/>
  <testcase classname="com.etestcases.Addresstest" name="Deleteaddress" time="0.0">
    <ignored/>
  </testcase> <!-- Deleteaddress -->
  <testcase classname="com.etestcases.Addresstest" name="AddressNew" time="0.0">
    <ignored/>
  </testcase> <!-- AddressNew -->
</testsuite> <!-- Default test -->
